This is pdfTeX, Version 3.14159265-2.6-1.40.18 (TeX Live 2017/Debian) (preloaded format=pdflatex 2019.9.24)  24 FEB 2020 12:27
entering extended mode
 restricted \write18 enabled.
 %&-line parsing enabled.
**prop_9.5.1_proof.tex
(./prop_9.5.1_proof.tex
LaTeX2e <2017-04-15>
Babel <3.18> and hyphenation patterns for 84 language(s) loaded.
(/usr/share/texlive/texmf-dist/tex/latex/base/article.cls
Document Class: article 2014/09/29 v1.4h Standard LaTeX document class
(/usr/share/texlive/texmf-dist/tex/latex/base/size10.clo
File: size10.clo 2014/09/29 v1.4h Standard LaTeX file (size option)
)
\c@part=\count79
\c@section=\count80
\c@subsection=\count81
\c@subsubsection=\count82
\c@paragraph=\count83
\c@subparagraph=\count84
\c@figure=\count85
\c@table=\count86
\abovecaptionskip=\skip41
\belowcaptionskip=\skip42
\bibindent=\dimen102
)
(/usr/share/texlive/texmf-dist/tex/latex/amsmath/amsmath.sty
Package: amsmath 2017/09/02 v2.17a AMS math features
\@mathmargin=\skip43

For additional information on amsmath, use the `?' option.
(/usr/share/texlive/texmf-dist/tex/latex/amsmath/amstext.sty
Package: amstext 2000/06/29 v2.01 AMS text

(/usr/share/texlive/texmf-dist/tex/latex/amsmath/amsgen.sty
File: amsgen.sty 1999/11/30 v2.0 generic functions
\@emptytoks=\toks14
\ex@=\dimen103
))
(/usr/share/texlive/texmf-dist/tex/latex/amsmath/amsbsy.sty
Package: amsbsy 1999/11/29 v1.2d Bold Symbols
\pmbraise@=\dimen104
)
(/usr/share/texlive/texmf-dist/tex/latex/amsmath/amsopn.sty
Package: amsopn 2016/03/08 v2.02 operator names
)
\inf@bad=\count87
LaTeX Info: Redefining \frac on input line 213.
\uproot@=\count88
\leftroot@=\count89
LaTeX Info: Redefining \overline on input line 375.
\classnum@=\count90
\DOTSCASE@=\count91
LaTeX Info: Redefining \ldots on input line 472.
LaTeX Info: Redefining \dots on input line 475.
LaTeX Info: Redefining \cdots on input line 596.
\Mathstrutbox@=\box26
\strutbox@=\box27
\big@size=\dimen105
LaTeX Font Info:    Redeclaring font encoding OML on input line 712.
LaTeX Font Info:    Redeclaring font encoding OMS on input line 713.
\macc@depth=\count92
\c@MaxMatrixCols=\count93
\dotsspace@=\muskip10
\c@parentequation=\count94
\dspbrk@lvl=\count95
\tag@help=\toks15
\row@=\count96
\column@=\count97
\maxfields@=\count98
\andhelp@=\toks16
\eqnshift@=\dimen106
\alignsep@=\dimen107
\tagshift@=\dimen108
\tagwidth@=\dimen109
\totwidth@=\dimen110
\lineht@=\dimen111
\@envbody=\toks17
\multlinegap=\skip44
\multlinetaggap=\skip45
\mathdisplay@stack=\toks18
LaTeX Info: Redefining \[ on input line 2817.
LaTeX Info: Redefining \] on input line 2818.
)
(/usr/share/texlive/texmf-dist/tex/latex/amsfonts/amsfonts.sty
Package: amsfonts 2013/01/14 v3.01 Basic AMSFonts support
\symAMSa=\mathgroup4
\symAMSb=\mathgroup5
LaTeX Font Info:    Overwriting math alphabet `\mathfrak' in version `bold'
(Font)                  U/euf/m/n --> U/euf/b/n on input line 106.
)
(/usr/share/texlive/texmf-dist/tex/latex/url/url.sty
\Urlmuskip=\muskip11
Package: url 2013/09/16  ver 3.4  Verb mode for urls, etc.
)
(/usr/share/texlive/texmf-dist/tex/latex/bbm-macros/bbm.sty
Package: bbm 1999/03/15 V 1.2 provides fonts for set symbols - TH
LaTeX Font Info:    Overwriting math alphabet `\mathbbm' in version `bold'
(Font)                  U/bbm/m/n --> U/bbm/bx/n on input line 33.
LaTeX Font Info:    Overwriting math alphabet `\mathbbmss' in version `bold'
(Font)                  U/bbmss/m/n --> U/bbmss/bx/n on input line 35.
)
(./prop_9.5.1_proof.aux)
\openout1 = `prop_9.5.1_proof.aux'.

LaTeX Font Info:    Checking defaults for OML/cmm/m/it on input line 10.
LaTeX Font Info:    ... okay on input line 10.
LaTeX Font Info:    Checking defaults for T1/cmr/m/n on input line 10.
LaTeX Font Info:    ... okay on input line 10.
LaTeX Font Info:    Checking defaults for OT1/cmr/m/n on input line 10.
LaTeX Font Info:    ... okay on input line 10.
LaTeX Font Info:    Checking defaults for OMS/cmsy/m/n on input line 10.
LaTeX Font Info:    ... okay on input line 10.
LaTeX Font Info:    Checking defaults for OMX/cmex/m/n on input line 10.
LaTeX Font Info:    ... okay on input line 10.
LaTeX Font Info:    Checking defaults for U/cmr/m/n on input line 10.
LaTeX Font Info:    ... okay on input line 10.
LaTeX Font Info:    Try loading font information for U+msa on input line 11.

(/usr/share/texlive/texmf-dist/tex/latex/amsfonts/umsa.fd
File: umsa.fd 2013/01/14 v3.01 AMS symbols A
)
LaTeX Font Info:    Try loading font information for U+msb on input line 11.

(/usr/share/texlive/texmf-dist/tex/latex/amsfonts/umsb.fd
File: umsb.fd 2013/01/14 v3.01 AMS symbols B
)

LaTeX Warning: No \author given.


Overfull \hbox (31.45296pt too wide) detected at line 16
[] \OML/cmm/m/it/10 U[] \OT1/cmr/m/n/10 = [] \OML/cmm/m/it/10 E\OT1/cmr/m/n/10 
[[] \OMS/cmsy/m/n/10 j F[]\OT1/cmr/m/n/10 ] + [] + [] \OML/cmm/m/it/10 :
 []

LaTeX Font Info:    Try loading font information for U+bbm on input line 24.
(/usr/share/texlive/texmf-dist/tex/latex/bbm-macros/ubbm.fd
File: ubbm.fd 1999/03/15 V 1.2 Font definition for bbm font - TH
)
Overfull \hbox (21.80254pt too wide) detected at line 34
[] \OT1/cmr/m/n/10 = [] \OMS/cmsy/m/n/10 ^^T [] \OML/cmm/m/it/10 E\OT1/cmr/m/n/
10 [\OMS/cmsy/m/n/10 j\OML/cmm/m/it/10 U[]\OMS/cmsy/m/n/10 j\U/bbm/m/n/10 1\OT1
/cmr/m/n/10 (\OML/cmm/m/it/10 U[] \OMS/cmsy/m/n/10 ^^U \OML/cmm/m/it/10 ^^O\OT1
/cmr/m/n/10 ) \OMS/cmsy/m/n/10 j F[]\OT1/cmr/m/n/10 ]\OML/cmm/m/it/10 :
 []

[1

{/var/lib/texmf/fonts/map/pdftex/updmap/pdftex.map}] [2]
Overfull \hbox (34.68655pt too wide) detected at line 87
[]
 []


Overfull \hbox (38.675pt too wide) detected at line 94
[]
 []


Overfull \hbox (37.00813pt too wide) detected at line 100
[]
 []

[3] [4] (./prop_9.5.1_proof.aux) ) 
Here is how much of TeX's memory you used:
 1037 strings out of 492982
 12466 string characters out of 6134896
 77353 words of memory out of 5000000
 4630 multiletter control sequences out of 15000+600000
 10986 words of font info for 45 fonts, out of 8000000 for 9000
 1141 hyphenation exceptions out of 8191
 27i,13n,24p,294b,197s stack positions out of 5000i,500n,10000p,200000b,80000s
 </home/taylor/.texlive2017/texmf-var/fonts/p
k/ljfour/public/bbm/bbm10.600pk></usr/share/texlive/texmf-dist/fonts/type1/publ
ic/amsfonts/cm/cmbx10.pfb></usr/share/texlive/texmf-dist/fonts/type1/public/ams
fonts/cm/cmex10.pfb></usr/share/texlive/texmf-dist/fonts/type1/public/amsfonts/
cm/cmmi10.pfb></usr/share/texlive/texmf-dist/fonts/type1/public/amsfonts/cm/cmm
i5.pfb></usr/share/texlive/texmf-dist/fonts/type1/public/amsfonts/cm/cmmi7.pfb>
</usr/share/texlive/texmf-dist/fonts/type1/public/amsfonts/cm/cmr10.pfb></usr/s
hare/texlive/texmf-dist/fonts/type1/public/amsfonts/cm/cmr12.pfb></usr/share/te
xlive/texmf-dist/fonts/type1/public/amsfonts/cm/cmr17.pfb></usr/share/texlive/t
exmf-dist/fonts/type1/public/amsfonts/cm/cmr7.pfb></usr/share/texlive/texmf-dis
t/fonts/type1/public/amsfonts/cm/cmsy10.pfb></usr/share/texlive/texmf-dist/font
s/type1/public/amsfonts/cm/cmsy7.pfb>
Output written on prop_9.5.1_proof.pdf (4 pages, 117754 bytes).
PDF statistics:
 66 PDF objects out of 1000 (max. 8388607)
 47 compressed objects within 1 object stream
 0 named destinations out of 1000 (max. 500000)
 1 words of extra memory for PDF output out of 10000 (max. 10000000)

